<Tundra>
	<jsplugin path="Api/VersionCheck.js" />
	<jsplugin path="Api/IntegerCheck.js" />
</Tundra>